2020-07-27 19:39:56,638 INFO: [COMMAND] airmon-ng
2020-07-27 19:39:56,706 INFO: [STDERR] 
PHY	Interface	Driver		Chipset

phy0	wlp2s0		iwlwifi		Intel Corporation Centrino Advanced-N 6205 [Taylor Peak] (rev 34)


2020-07-27 19:39:56,707 INFO: [COMMAND] airmon-ng start wlp2s0
2020-07-27 19:39:58,406 INFO: [STDERR] 
Found 5 processes that could cause trouble.
If airodump-ng, aireplay-ng or airtun-ng stops working after
a short period of time, you may want to run 'airmon-ng check kill'

  PID Name
  752 avahi-daemon
  758 avahi-daemon
  797 wpa_supplicant
  800 NetworkManager
15422 dhclient

PHY	Interface	Driver		Chipset

phy0	wlp2s0		iwlwifi		Intel Corporation Centrino Advanced-N 6205 [Taylor Peak] (rev 34)

		(mac80211 monitor mode vif enabled for [phy0]wlp2s0 on [phy0]wlp2s0mon)
		(mac80211 station mode vif disabled for [phy0]wlp2s0)


2020-07-27 19:39:58,407 INFO: [COMMAND] timeout 5 airodump-ng -w airodump --output-format kismet wlp2s0mon
2020-07-27 19:40:09,793 INFO: [STDERR] 

2020-07-27 19:40:09,823 INFO: [PARSING] airodump-01.kismet.csv
2020-07-27 19:40:09,824 INFO: [COMMAND] timeout 20 airodump-ng -c 6 --bssid B0:98:2B:C5:38:A2 -w ../output/ wlp2s0mon
2020-07-27 19:40:52,886 INFO: [STDERR] 

2020-07-27 19:40:53,027 INFO: [READING] ../output/-01.kismet.netxml
2020-07-27 19:40:53,028 INFO: No devices connected on network.
